===STARTING CROSSOVER===

***Selected point 15***
Fat1_idx=19	Fat2_idx=13

===FATHER Rules===
11000110111000011010100101100110000110101010111011000110010010100110011000010101100100100011100000101010110110101111110000100001
01100101001000011011011111111000100011011010000011111010010010010111100100111110110101000010010110000111000100101111110001001100
===SON Rules===
11000110111000011011011111111000100011011010000011111010010010010111100100111110110101000010010110000111000100101111110001001100
11010100101100110000110101010111011000110010010100110011000010101100100100011100000101010110110101111110000100001011001010010000
===INDIVIDUAL 0 Rules===
11000110111000011011011111111000100011011010000011111010010010010111100100111110110101000010010110000111000100101111110001001100
===INDIVIDUAL 1 Rules===
11010100101100110000110101010111011000110010010100110011000010101100100100011100000101010110110101111110000100001011001010010000
***Selected point 58***
Fat1_idx=11	Fat2_idx=11

===FATHER Rules===
00011100011000001000111111001011001110100100000111001100000000110000000001100101100000110111000111100010100000101111001100101101
00011100011000001000111111001011001110100100000111001100000000110000000001100101100000110111000111100010100000101111001100101101
===SON Rules===
00011100011000001000111111001011001110100100000111001100000000110000000001100101100000110111000111100010100000101111001100101101
00001100000000011001011000001101110001111000101000001011110011001011010001110001100000100011111100101100111010010000011100110000
===INDIVIDUAL 2 Rules===
00011100011000001000111111001011001110100100000111001100000000110000000001100101100000110111000111100010100000101111001100101101
===INDIVIDUAL 3 Rules===
00001100000000011001011000001101110001111000101000001011110011001011010001110001100000100011111100101100111010010000011100110000
***Selected point 55***
Fat1_idx=15	Fat2_idx=13

===FATHER Rules===
00010011010011110110000110100010110000101011010001100100111100000000000000111101010100110011101101110010001000001001101000100011
01100101001000011011011111111000100011011010000011111010010010010111100100111110110101000010010110000111000100101111110001001100
===SON Rules===
00010011010011110110000110100010110000101011010001100100010010010111100100111110110101000010010110000111000100101111110001001100
01111000000000000001111010101001100111011011100100010000010011010001000110110010100100001101101111111100010001101101000001111101
===INDIVIDUAL 4 Rules===
00010011010011110110000110100010110000101011010001100100010010010111100100111110110101000010010110000111000100101111110001001100
===INDIVIDUAL 5 Rules===
01111000000000000001111010101001100111011011100100010000010011010001000110110010100100001101101111111100010001101101000001111101
***Selected point 30***
Fat1_idx=14	Fat2_idx=10

===FATHER Rules===
11000001110111111100010000000100011100111111001001000111111000111001111000011110101010110001110001010011000000011111001111000110
11101011011110100110101000000110011011100001110111101100011010111001111000000011010011010100010000101100100110110011100000010010
===SON Rules===
11000001110111111100010000000110011011100001110111101100011010111001111000000011010011010100010000101100100110110011100000010010
00011100111111001001000111111000111001111000011110101010110001110001010011000000011111001111000110111010110111101001101010000001
===INDIVIDUAL 6 Rules===
11000001110111111100010000000110011011100001110111101100011010111001111000000011010011010100010000101100100110110011100000010010
===INDIVIDUAL 7 Rules===
00011100111111001001000111111000111001111000011110101010110001110001010011000000011111001111000110111010110111101001101010000001
***Selected point 82***
Fat1_idx=19	Fat2_idx=16

===FATHER Rules===
11000110111000011010100101100110000110101010111011000110010010100110011000010101100100100011100000101010110110101111110000100001
00011000001010001010101101100111110111001101001111100100010010101001101100000001000010111001011000010011000000010000110110000000
===SON Rules===
11000110111000011010100101100110000110101010111011000110010010100110011000010101100010111001011000010011000000010000110110000000
01001000111000001010101101101011111100001000010001100000101000101010110110011111011100110100111110010001001010100110110000000100
===INDIVIDUAL 8 Rules===
11000110111000011010100101100110000110101010111011000110010010100110011000010101100010111001011000010011000000010000110110000000
===INDIVIDUAL 9 Rules===
01001000111000001010101101101011111100001000010001100000101000101010110110011111011100110100111110010001001010100110110000000100